<?xml version="1.0" encoding="UTF-8" ?>
<testsuite errors="0" failures="0" hostname="YANK0VY3RDNA-LAPTOP" name="AreaTest" skipped="0" tests="14" time="0.225" timestamp="2021-04-20T11:55:32">
  <properties>
    <property name="awt.toolkit" value="sun.awt.X11.XToolkit" />
    <property name="ant.library.dir" value="/usr/share/ant/lib" />
    <property name="ant.file.type" value="file" />
    <property name="java.specification.version" value="11" />
    <property name="lib" value="lib" />
    <property name="ant.project.name" value="lab3" />
    <property name="sun.cpu.isalist" value="" />
    <property name="sun.jnu.encoding" value="UTF-8" />
    <property name="java.class.path" value="/home/yank0vy3rdna/projects/studying/mispi_lab3/lib/hamcrest-core-1.3.jar:/home/yank0vy3rdna/projects/studying/mispi_lab3/lib/junit-4.12.jar:/home/yank0vy3rdna/projects/studying/mispi_lab3/target/classes:/home/yank0vy3rdna/projects/studying/mispi_lab3/target/tests:/usr/share/java/ant/ant-launcher.jar:/usr/share/ant/lib/ant.jar:/usr/share/ant/lib/ant-junit.jar:/usr/share/ant/lib/ant-junit4.jar" />
    <property name="main" value="src/main" />
    <property name="java.vm.vendor" value="Oracle Corporation" />
    <property name="sun.arch.data.model" value="64" />
    <property name="java" value="/usr/bin/java" />
    <property name="ant.file.lab3" value="/home/yank0vy3rdna/projects/studying/mispi_lab3/build.xml" />
    <property name="java.vendor.url" value="https://openjdk.java.net/" />
    <property name="user.timezone" value="" />
    <property name="java.vm.specification.version" value="11" />
    <property name="os.name" value="Linux" />
    <property name="sun.java.launcher" value="SUN_STANDARD" />
    <property name="user.country" value="RU" />
    <property name="compiled.tests" value="target/tests" />
    <property name="sun.boot.library.path" value="/usr/lib/jvm/java-11-openjdk/lib" />
    <property name="sun.java.command" value="org.apache.tools.ant.taskdefs.optional.junit.JUnitTestRunner AreaTest skipNonTests=false filtertrace=true haltOnError=false haltOnFailure=false formatter=org.apache.tools.ant.taskdefs.optional.junit.SummaryJUnitResultFormatter showoutput=false outputtoformatters=true logfailedtests=true threadid=0 logtestlistenerevents=false formatter=org.apache.tools.ant.taskdefs.optional.junit.XMLJUnitResultFormatter,/home/yank0vy3rdna/projects/studying/mispi_lab3/reports/TEST-AreaTest.xml crashfile=/home/yank0vy3rdna/projects/studying/mispi_lab3/junitvmwatcher5310776207974416008.properties propsfile=/home/yank0vy3rdna/projects/studying/mispi_lab3/junit12162573791321992510.properties" />
    <property name="jdk.debug" value="release" />
    <property name="test" value="test" />
    <property name="sun.cpu.endian" value="little" />
    <property name="user.home" value="/home/yank0vy3rdna" />
    <property name="user.language" value="ru" />
    <property name="java.specification.vendor" value="Oracle Corporation" />
    <property name="params" value="" />
    <property name="java.version.date" value="2021-01-19" />
    <property name="java.home" value="/usr/lib/jvm/java-11-openjdk" />
    <property name="basedir" value="/home/yank0vy3rdna/projects/studying/mispi_lab3" />
    <property name="file.separator" value="/" />
    <property name="java.vm.compressedOopsMode" value="32-bit" />
    <property name="line.separator" value="&#xa;" />
    <property name="ant.java.version" value="11" />
    <property name="java.specification.name" value="Java Platform API Specification" />
    <property name="java.vm.specification.vendor" value="Oracle Corporation" />
    <property name="java.awt.graphicsenv" value="sun.awt.X11GraphicsEnvironment" />
    <property name="sun.management.compiler" value="HotSpot 64-Bit Tiered Compilers" />
    <property name="java.runtime.version" value="11.0.10+9" />
    <property name="user.name" value="yank0vy3rdna" />
    <property name="ant.file" value="/home/yank0vy3rdna/projects/studying/mispi_lab3/build.xml" />
    <property name="path.separator" value=":" />
    <property name="dest.jar" value="target/Lab3.jar" />
    <property name="os.version" value="5.10.15-1-MANJARO" />
    <property name="java.runtime.name" value="OpenJDK Runtime Environment" />
    <property name="compiled" value="target" />
    <property name="ant.project.invoked-targets" value="test" />
    <property name="file.encoding" value="UTF-8" />
    <property name="junit.lib" value="lib/junit-4.12.jar" />
    <property name="java.vm.name" value="OpenJDK 64-Bit Server VM" />
    <property name="ant.core.lib" value="/usr/share/ant/lib/ant.jar" />
    <property name="java.vendor.url.bug" value="https://bugreport.java.com/bugreport/" />
    <property name="java.io.tmpdir" value="/tmp" />
    <property name="java.version" value="11.0.10" />
    <property name="user.dir" value="/home/yank0vy3rdna/projects/studying/mispi_lab3" />
    <property name="os.arch" value="amd64" />
    <property name="java.vm.specification.name" value="Java Virtual Machine Specification" />
    <property name="java.awt.printerjob" value="sun.print.PSPrinterJob" />
    <property name="ant.home" value="/usr/share/ant" />
    <property name="lib.dir" value="lib" />
    <property name="ant.file.type.lab3" value="file" />
    <property name="sun.os.patch.level" value="unknown" />
    <property name="ant.version" value="Apache Ant(TM) version 1.10.9 compiled on December 22 1969" />
    <property name="java.library.path" value="/usr/java/packages/lib:/usr/lib64:/lib64:/lib:/usr/lib" />
    <property name="java.vm.info" value="mixed mode" />
    <property name="java.vendor" value="Oracle Corporation" />
    <property name="java.vm.version" value="11.0.10+9" />
    <property name="sun.io.unicode.encoding" value="UnicodeLittle" />
    <property name="compiled.classes" value="target/classes" />
    <property name="java.class.version" value="55.0" />
    <property name="ant.project.default-target" value="build" />
  </properties>
  <testcase classname="AreaTest" name="quadrantHitTest" time="0.002" />
  <testcase classname="AreaTest" name="rectangularHitTest" time="0.001" />
  <testcase classname="AreaTest" name="rectangularMissRightPartTest" time="0.001" />
  <testcase classname="AreaTest" name="rectangularMissLeftPartTest" time="0.001" />
  <testcase classname="AreaTest" name="triangleMissTest" time="0.001" />
  <testcase classname="AreaTest" name="emptyAreaHitTest" time="0.001" />
  <testcase classname="AreaTest" name="nullMaxRValueTest" time="0.001" />
  <testcase classname="AreaTest" name="quadrantMissTest" time="0.0" />
  <testcase classname="AreaTest" name="nullMinusYValueTest" time="0.0" />
  <testcase classname="AreaTest" name="nullMinusXValueTest" time="0.0" />
  <testcase classname="AreaTest" name="nullPlusYValueTest" time="0.0" />
  <testcase classname="AreaTest" name="nullPlusXValueTest" time="0.001" />
  <testcase classname="AreaTest" name="nullMinRValueTest" time="0.0" />
  <testcase classname="AreaTest" name="triangleHitTest" time="0.0" />
  <system-out><![CDATA[]]></system-out>
  <system-err><![CDATA[]]></system-err>
</testsuite>
