<?xml version="1.0" encoding="UTF-8" ?>
<testsuite errors="1" failures="0" hostname="DESKTOP-CF7BTS3" name="AreaTest" skipped="0" tests="10" time="0.057" timestamp="2021-04-17T18:00:18">
  <properties>
    <property name="java.vendor" value="Oracle Corporation" />
    <property name="lib.dir" value="lib" />
    <property name="sun.java.launcher" value="SUN_STANDARD" />
    <property name="sun.management.compiler" value="HotSpot 64-Bit Tiered Compilers" />
    <property name="lib" value="lib" />
    <property name="os.name" value="Windows 10" />
    <property name="sun.boot.class.path" value="C:\Program Files\Java\jdk1.8.0_271\jre\lib\resources.jar;C:\Program Files\Java\jdk1.8.0_271\jre\lib\rt.jar;C:\Program Files\Java\jdk1.8.0_271\jre\lib\sunrsasign.jar;C:\Program Files\Java\jdk1.8.0_271\jre\lib\jsse.jar;C:\Program Files\Java\jdk1.8.0_271\jre\lib\jce.jar;C:\Program Files\Java\jdk1.8.0_271\jre\lib\charsets.jar;C:\Program Files\Java\jdk1.8.0_271\jre\lib\jfr.jar;C:\Program Files\Java\jdk1.8.0_271\jre\classes" />
    <property name="compiled.classes" value="target/classes" />
    <property name="compiled.tests" value="target/tests" />
    <property name="sun.desktop" value="windows" />
    <property name="java.vm.specification.vendor" value="Oracle Corporation" />
    <property name="ant.home" value="C:\Program Files\JetBrains\IntelliJ IDEA 2020.2.3\lib\ant" />
    <property name="java.runtime.version" value="1.8.0_271-b09" />
    <property name="user.name" value="proge" />
    <property name="main" value="src/main" />
    <property name="user.language" value="ru" />
    <property name="sun.boot.library.path" value="C:\Program Files\Java\jdk1.8.0_271\jre\bin" />
    <property name="dest.jar" value="target/Lab3.jar" />
    <property name="ant.project.default-target" value="build" />
    <property name="ant.project.name" value="lab3" />
    <property name="java.version" value="1.8.0_271" />
    <property name="user.timezone" value="" />
    <property name="sun.arch.data.model" value="64" />
    <property name="java.endorsed.dirs" value="C:\Program Files\Java\jdk1.8.0_271\jre\lib\endorsed" />
    <property name="sun.cpu.isalist" value="amd64" />
    <property name="sun.jnu.encoding" value="Cp1251" />
    <property name="file.encoding.pkg" value="sun.io" />
    <property name="file.separator" value="\" />
    <property name="java.specification.name" value="Java Platform API Specification" />
    <property name="java.class.version" value="52.0" />
    <property name="user.country" value="RU" />
    <property name="java.home" value="C:\Program Files\Java\jdk1.8.0_271\jre" />
    <property name="java.vm.info" value="mixed mode" />
    <property name="ant.file" value="C:\Users\proge\Desktop\asda\build.xml" />
    <property name="os.version" value="10.0" />
    <property name="junit.lib" value="lib/junit-4.12.jar" />
    <property name="path.separator" value=";" />
    <property name="java.vm.version" value="25.271-b09" />
    <property name="user.variant" value="" />
    <property name="ant.library.dir" value="C:\Program Files\JetBrains\IntelliJ IDEA 2020.2.3\lib\ant\lib" />
    <property name="java.awt.printerjob" value="sun.awt.windows.WPrinterJob" />
    <property name="sun.io.unicode.encoding" value="UnicodeLittle" />
    <property name="awt.toolkit" value="sun.awt.windows.WToolkit" />
    <property name="user.script" value="" />
    <property name="user.home" value="C:\Users\proge" />
    <property name="java.specification.vendor" value="Oracle Corporation" />
    <property name="test" value="test" />
    <property name="java.library.path" value="C:\Program Files\Java\jdk1.8.0_271\jre\bin;C:\Windows\Sun\Java\bin;C:\Windows\system32;C:\Windows;C:\Users\proge\AppData\Local\Programs\Python\Python39\Scripts\;C:\Users\proge\AppData\Local\Programs\Python\Python39\;C:\Program Files (x86)\Common Files\Oracle\Java\javapath;C:\Windows\system32;C:\Windows;C:\Windows\System32\Wbem;C:\Windows\System32\WindowsPowerShell\v1.0\;C:\Windows\System32\OpenSSH\;C:\Program Files\Git\cmd;C:\Program Files\Git\mingw64\bin;C:\Program Files\Git\usr\bin;C:\Program Files\NVIDIA Corporation\NVIDIA NvDLISR;C:\Program Files (x86)\NVIDIA Corporation\PhysX\Common;C:\Program Files\nodejs\;C:\ProgramData\chocolatey\bin;C:\Program Files\PuTTY\;C:\Program Files\Go\bin;C:\Users\proge\AppData\Local\Microsoft\WindowsApps;;C:\Program Files\JetBrains\IntelliJ IDEA 2020.2.3\bin;;C:\Users\proge\AppData\Roaming\npm;C:\Program Files\JetBrains\CLion 2020.3.2\bin;;C:\Users\proge\AppData\Local\Programs\Microsoft VS Code\bin;C:\Users\proge\go\bin;C:\Program Files\JetBrains\GoLand 2021.1\bin;;." />
    <property name="java.vendor.url" value="http://java.oracle.com/" />
    <property name="java.vm.vendor" value="Oracle Corporation" />
    <property name="java.runtime.name" value="Java(TM) SE Runtime Environment" />
    <property name="sun.java.command" value="org.apache.tools.ant.taskdefs.optional.junit.JUnitTestRunner AreaTest skipNonTests=false filtertrace=true haltOnError=false haltOnFailure=false formatter=org.apache.tools.ant.taskdefs.optional.junit.SummaryJUnitResultFormatter showoutput=false outputtoformatters=true logfailedtests=true threadid=0 logtestlistenerevents=false formatter=org.apache.tools.ant.taskdefs.optional.junit.XMLJUnitResultFormatter,C:\Users\proge\Desktop\asda\reports\TEST-AreaTest.xml crashfile=C:\Users\proge\Desktop\asda\junitvmwatcher4446925427621621581.properties propsfile=C:\Users\proge\Desktop\asda\junit9181905552048067869.properties" />
    <property name="java.class.path" value="C:\Users\proge\Desktop\asda\lib\hamcrest-core-1.3.jar;C:\Users\proge\Desktop\asda\lib\junit-4.12.jar;C:\Users\proge\Desktop\asda\target\classes;C:\Users\proge\Desktop\asda\target\tests;C:\Program Files\JetBrains\IntelliJ IDEA 2020.2.3\lib\ant\lib\ant-launcher.jar;C:\Program Files\JetBrains\IntelliJ IDEA 2020.2.3\lib\ant\lib\ant.jar;C:\Program Files\JetBrains\IntelliJ IDEA 2020.2.3\lib\ant\lib\ant-junit.jar;C:\Program Files\JetBrains\IntelliJ IDEA 2020.2.3\lib\ant\lib\ant-junit4.jar" />
    <property name="ant.version" value="Apache Ant(TM) version 1.10.5 compiled on July 10 2018" />
    <property name="java.vm.specification.name" value="Java Virtual Machine Specification" />
    <property name="ant.file.type" value="file" />
    <property name="java.vm.specification.version" value="1.8" />
    <property name="sun.cpu.endian" value="little" />
    <property name="sun.os.patch.level" value="" />
    <property name="java.io.tmpdir" value="C:\Users\proge\AppData\Local\Temp\" />
    <property name="compiled" value="target" />
    <property name="java.vendor.url.bug" value="http://bugreport.sun.com/bugreport/" />
    <property name="ant.file.lab3" value="C:\Users\proge\Desktop\asda\build.xml" />
    <property name="os.arch" value="amd64" />
    <property name="java.awt.graphicsenv" value="sun.awt.Win32GraphicsEnvironment" />
    <property name="ant.file.type.lab3" value="file" />
    <property name="java.ext.dirs" value="C:\Program Files\Java\jdk1.8.0_271\jre\lib\ext;C:\Windows\Sun\Java\lib\ext" />
    <property name="user.dir" value="C:\Users\proge\Desktop\asda" />
    <property name="line.separator" value="&#xd;&#xa;" />
    <property name="java.vm.name" value="Java HotSpot(TM) 64-Bit Server VM" />
    <property name="basedir" value="C:\Users\proge\Desktop\asda" />
    <property name="ant.java.version" value="1.8" />
    <property name="ant.core.lib" value="C:\Program Files\JetBrains\IntelliJ IDEA 2020.2.3\lib\ant\lib\ant.jar" />
    <property name="file.encoding" value="Cp1251" />
    <property name="java.specification.version" value="1.8" />
    <property name="ant.project.invoked-targets" value="test" />
  </properties>
  <testcase classname="AreaTest" name="quadrantMissXTest" time="0.005">
    <error type="java.lang.NullPointerException">java.lang.NullPointerException
	at main.Result.checkTheArea(Unknown Source)
	at AreaTest.quadrantMissXTest(Unknown Source)
</error>
  </testcase>
  <testcase classname="AreaTest" name="rectangularHitTest" time="0.001" />
  <testcase classname="AreaTest" name="rectangularMissRightPartTest" time="0.0" />
  <testcase classname="AreaTest" name="rectangularMissLeftPartTest" time="0.007" />
  <testcase classname="AreaTest" name="nullMaxRValueTest" time="0.0" />
  <testcase classname="AreaTest" name="nullMinusYValueTest" time="0.0" />
  <testcase classname="AreaTest" name="nullMinusXValueTest" time="0.0" />
  <testcase classname="AreaTest" name="nullPlusYValueTest" time="0.0" />
  <testcase classname="AreaTest" name="nullPlusXValueTest" time="0.0" />
  <testcase classname="AreaTest" name="nullMinRValueTest" time="0.0" />
  <system-out><![CDATA[-2.0  -3.0  false
-2.0  -2.9  false
-2.0  -2.8  false
-2.0  -2.6999999999999997  false
-2.0  -2.5999999999999996  false
-2.0  -2.4999999999999996  false
-2.0  -2.3999999999999995  false
-2.0  -2.2999999999999994  false
-2.0  -2.1999999999999993  false
-2.0  -2.099999999999999  false
-2.0  -1.9999999999999991  false
-2.0  -1.899999999999999  false
-2.0  -1.799999999999999  false
-2.0  -1.6999999999999988  false
-2.0  -1.5999999999999988  false
-2.0  -1.4999999999999987  false
-2.0  -1.3999999999999986  false
-2.0  -1.2999999999999985  false
-2.0  -1.1999999999999984  false
-2.0  -1.0999999999999983  false
-1.9  -3.0  false
-1.9  -2.9  false
-1.9  -2.8  false
-1.9  -2.6999999999999997  false
-1.9  -2.5999999999999996  false
-1.9  -2.4999999999999996  false
-1.9  -2.3999999999999995  false
-1.9  -2.2999999999999994  false
-1.9  -2.1999999999999993  false
-1.9  -2.099999999999999  false
-1.9  -1.9999999999999991  false
-1.9  -1.899999999999999  false
-1.9  -1.799999999999999  false
-1.9  -1.6999999999999988  false
-1.9  -1.5999999999999988  false
-1.9  -1.4999999999999987  false
-1.9  -1.3999999999999986  false
-1.9  -1.2999999999999985  false
-1.9  -1.1999999999999984  false
-1.9  -1.0999999999999983  false
-1.7999999999999998  -3.0  false
-1.7999999999999998  -2.9  false
-1.7999999999999998  -2.8  false
-1.7999999999999998  -2.6999999999999997  false
-1.7999999999999998  -2.5999999999999996  false
-1.7999999999999998  -2.4999999999999996  false
-1.7999999999999998  -2.3999999999999995  false
-1.7999999999999998  -2.2999999999999994  false
-1.7999999999999998  -2.1999999999999993  false
-1.7999999999999998  -2.099999999999999  false
-1.7999999999999998  -1.9999999999999991  false
-1.7999999999999998  -1.899999999999999  false
-1.7999999999999998  -1.799999999999999  false
-1.7999999999999998  -1.6999999999999988  false
-1.7999999999999998  -1.5999999999999988  false
-1.7999999999999998  -1.4999999999999987  false
-1.7999999999999998  -1.3999999999999986  false
-1.7999999999999998  -1.2999999999999985  false
-1.7999999999999998  -1.1999999999999984  false
-1.7999999999999998  -1.0999999999999983  false
-1.6999999999999997  -3.0  false
-1.6999999999999997  -2.9  false
-1.6999999999999997  -2.8  false
-1.6999999999999997  -2.6999999999999997  false
-1.6999999999999997  -2.5999999999999996  false
-1.6999999999999997  -2.4999999999999996  false
-1.6999999999999997  -2.3999999999999995  false
-1.6999999999999997  -2.2999999999999994  false
-1.6999999999999997  -2.1999999999999993  false
-1.6999999999999997  -2.099999999999999  false
-1.6999999999999997  -1.9999999999999991  false
-1.6999999999999997  -1.899999999999999  false
-1.6999999999999997  -1.799999999999999  false
-1.6999999999999997  -1.6999999999999988  false
-1.6999999999999997  -1.5999999999999988  false
-1.6999999999999997  -1.4999999999999987  false
-1.6999999999999997  -1.3999999999999986  false
-1.6999999999999997  -1.2999999999999985  false
-1.6999999999999997  -1.1999999999999984  false
-1.6999999999999997  -1.0999999999999983  false
-1.5999999999999996  -3.0  false
-1.5999999999999996  -2.9  false
-1.5999999999999996  -2.8  false
-1.5999999999999996  -2.6999999999999997  false
-1.5999999999999996  -2.5999999999999996  false
-1.5999999999999996  -2.4999999999999996  false
-1.5999999999999996  -2.3999999999999995  false
-1.5999999999999996  -2.2999999999999994  false
-1.5999999999999996  -2.1999999999999993  false
-1.5999999999999996  -2.099999999999999  false
-1.5999999999999996  -1.9999999999999991  false
-1.5999999999999996  -1.899999999999999  false
-1.5999999999999996  -1.799999999999999  false
-1.5999999999999996  -1.6999999999999988  false
-1.5999999999999996  -1.5999999999999988  false
-1.5999999999999996  -1.4999999999999987  false
-1.5999999999999996  -1.3999999999999986  false
-1.5999999999999996  -1.2999999999999985  false
-1.5999999999999996  -1.1999999999999984  false
-1.5999999999999996  -1.0999999999999983  false
-1.4999999999999996  -3.0  false
-1.4999999999999996  -2.9  false
-1.4999999999999996  -2.8  false
-1.4999999999999996  -2.6999999999999997  false
-1.4999999999999996  -2.5999999999999996  false
-1.4999999999999996  -2.4999999999999996  false
-1.4999999999999996  -2.3999999999999995  false
-1.4999999999999996  -2.2999999999999994  false
-1.4999999999999996  -2.1999999999999993  false
-1.4999999999999996  -2.099999999999999  false
-1.4999999999999996  -1.9999999999999991  false
-1.4999999999999996  -1.899999999999999  false
-1.4999999999999996  -1.799999999999999  false
-1.4999999999999996  -1.6999999999999988  false
-1.4999999999999996  -1.5999999999999988  false
-1.4999999999999996  -1.4999999999999987  false
-1.4999999999999996  -1.3999999999999986  false
-1.4999999999999996  -1.2999999999999985  false
-1.4999999999999996  -1.1999999999999984  false
-1.4999999999999996  -1.0999999999999983  false
-1.3999999999999995  -3.0  false
-1.3999999999999995  -2.9  false
-1.3999999999999995  -2.8  false
-1.3999999999999995  -2.6999999999999997  false
-1.3999999999999995  -2.5999999999999996  false
-1.3999999999999995  -2.4999999999999996  false
-1.3999999999999995  -2.3999999999999995  false
-1.3999999999999995  -2.2999999999999994  false
-1.3999999999999995  -2.1999999999999993  false
-1.3999999999999995  -2.099999999999999  false
-1.3999999999999995  -1.9999999999999991  false
-1.3999999999999995  -1.899999999999999  false
-1.3999999999999995  -1.799999999999999  false
-1.3999999999999995  -1.6999999999999988  false
-1.3999999999999995  -1.5999999999999988  false
-1.3999999999999995  -1.4999999999999987  false
-1.3999999999999995  -1.3999999999999986  false
-1.3999999999999995  -1.2999999999999985  false
-1.3999999999999995  -1.1999999999999984  false
-1.3999999999999995  -1.0999999999999983  false
-1.2999999999999994  -3.0  false
-1.2999999999999994  -2.9  false
-1.2999999999999994  -2.8  false
-1.2999999999999994  -2.6999999999999997  false
-1.2999999999999994  -2.5999999999999996  false
-1.2999999999999994  -2.4999999999999996  false
-1.2999999999999994  -2.3999999999999995  false
-1.2999999999999994  -2.2999999999999994  false
-1.2999999999999994  -2.1999999999999993  false
-1.2999999999999994  -2.099999999999999  false
-1.2999999999999994  -1.9999999999999991  false
-1.2999999999999994  -1.899999999999999  false
-1.2999999999999994  -1.799999999999999  false
-1.2999999999999994  -1.6999999999999988  false
-1.2999999999999994  -1.5999999999999988  false
-1.2999999999999994  -1.4999999999999987  false
-1.2999999999999994  -1.3999999999999986  false
-1.2999999999999994  -1.2999999999999985  false
-1.2999999999999994  -1.1999999999999984  false
-1.2999999999999994  -1.0999999999999983  false
-1.1999999999999993  -3.0  false
-1.1999999999999993  -2.9  false
-1.1999999999999993  -2.8  false
-1.1999999999999993  -2.6999999999999997  false
-1.1999999999999993  -2.5999999999999996  false
-1.1999999999999993  -2.4999999999999996  false
-1.1999999999999993  -2.3999999999999995  false
-1.1999999999999993  -2.2999999999999994  false
-1.1999999999999993  -2.1999999999999993  false
-1.1999999999999993  -2.099999999999999  false
-1.1999999999999993  -1.9999999999999991  false
-1.1999999999999993  -1.899999999999999  false
-1.1999999999999993  -1.799999999999999  false
-1.1999999999999993  -1.6999999999999988  false
-1.1999999999999993  -1.5999999999999988  false
-1.1999999999999993  -1.4999999999999987  false
-1.1999999999999993  -1.3999999999999986  false
-1.1999999999999993  -1.2999999999999985  false
-1.1999999999999993  -1.1999999999999984  false
-1.1999999999999993  -1.0999999999999983  false
-1.0999999999999992  -3.0  false
-1.0999999999999992  -2.9  false
-1.0999999999999992  -2.8  false
-1.0999999999999992  -2.6999999999999997  false
-1.0999999999999992  -2.5999999999999996  false
-1.0999999999999992  -2.4999999999999996  false
-1.0999999999999992  -2.3999999999999995  false
-1.0999999999999992  -2.2999999999999994  false
-1.0999999999999992  -2.1999999999999993  false
-1.0999999999999992  -2.099999999999999  false
-1.0999999999999992  -1.9999999999999991  false
-1.0999999999999992  -1.899999999999999  false
-1.0999999999999992  -1.799999999999999  false
-1.0999999999999992  -1.6999999999999988  false
-1.0999999999999992  -1.5999999999999988  false
-1.0999999999999992  -1.4999999999999987  false
-1.0999999999999992  -1.3999999999999986  false
-1.0999999999999992  -1.2999999999999985  false
-1.0999999999999992  -1.1999999999999984  false
-1.0999999999999992  -1.0999999999999983  false
-0.9999999999999992  -3.0  false
-0.9999999999999992  -2.9  false
-0.9999999999999992  -2.8  false
-0.9999999999999992  -2.6999999999999997  false
-0.9999999999999992  -2.5999999999999996  false
-0.9999999999999992  -2.4999999999999996  false
-0.9999999999999992  -2.3999999999999995  false
-0.9999999999999992  -2.2999999999999994  false
-0.9999999999999992  -2.1999999999999993  false
-0.9999999999999992  -2.099999999999999  false
-0.9999999999999992  -1.9999999999999991  false
-0.9999999999999992  -1.899999999999999  false
-0.9999999999999992  -1.799999999999999  false
-0.9999999999999992  -1.6999999999999988  false
-0.9999999999999992  -1.5999999999999988  false
-0.9999999999999992  -1.4999999999999987  false
-0.9999999999999992  -1.3999999999999986  false
-0.9999999999999992  -1.2999999999999985  false
-0.9999999999999992  -1.1999999999999984  false
-0.9999999999999992  -1.0999999999999983  false
-0.8999999999999992  -3.0  false
-0.8999999999999992  -2.9  false
-0.8999999999999992  -2.8  false
-0.8999999999999992  -2.6999999999999997  false
-0.8999999999999992  -2.5999999999999996  false
-0.8999999999999992  -2.4999999999999996  false
-0.8999999999999992  -2.3999999999999995  false
-0.8999999999999992  -2.2999999999999994  false
-0.8999999999999992  -2.1999999999999993  false
-0.8999999999999992  -2.099999999999999  false
-0.8999999999999992  -1.9999999999999991  false
-0.8999999999999992  -1.899999999999999  false
-0.8999999999999992  -1.799999999999999  false
-0.8999999999999992  -1.6999999999999988  false
-0.8999999999999992  -1.5999999999999988  false
-0.8999999999999992  -1.4999999999999987  false
-0.8999999999999992  -1.3999999999999986  false
-0.8999999999999992  -1.2999999999999985  false
-0.8999999999999992  -1.1999999999999984  false
-0.8999999999999992  -1.0999999999999983  false
-0.7999999999999993  -3.0  false
-0.7999999999999993  -2.9  false
-0.7999999999999993  -2.8  false
-0.7999999999999993  -2.6999999999999997  false
-0.7999999999999993  -2.5999999999999996  false
-0.7999999999999993  -2.4999999999999996  false
-0.7999999999999993  -2.3999999999999995  false
-0.7999999999999993  -2.2999999999999994  false
-0.7999999999999993  -2.1999999999999993  false
-0.7999999999999993  -2.099999999999999  false
-0.7999999999999993  -1.9999999999999991  false
-0.7999999999999993  -1.899999999999999  false
-0.7999999999999993  -1.799999999999999  false
-0.7999999999999993  -1.6999999999999988  false
-0.7999999999999993  -1.5999999999999988  false
-0.7999999999999993  -1.4999999999999987  false
-0.7999999999999993  -1.3999999999999986  false
-0.7999999999999993  -1.2999999999999985  false
-0.7999999999999993  -1.1999999999999984  false
-0.7999999999999993  -1.0999999999999983  false
-0.6999999999999993  -3.0  false
-0.6999999999999993  -2.9  false
-0.6999999999999993  -2.8  false
-0.6999999999999993  -2.6999999999999997  false
-0.6999999999999993  -2.5999999999999996  false
-0.6999999999999993  -2.4999999999999996  false
-0.6999999999999993  -2.3999999999999995  false
-0.6999999999999993  -2.2999999999999994  false
-0.6999999999999993  -2.1999999999999993  false
-0.6999999999999993  -2.099999999999999  false
-0.6999999999999993  -1.9999999999999991  false
-0.6999999999999993  -1.899999999999999  false
-0.6999999999999993  -1.799999999999999  false
-0.6999999999999993  -1.6999999999999988  false
-0.6999999999999993  -1.5999999999999988  false
-0.6999999999999993  -1.4999999999999987  false
-0.6999999999999993  -1.3999999999999986  false
-0.6999999999999993  -1.2999999999999985  false
-0.6999999999999993  -1.1999999999999984  false
-0.6999999999999993  -1.0999999999999983  false
-0.5999999999999993  -3.0  false
-0.5999999999999993  -2.9  false
-0.5999999999999993  -2.8  false
-0.5999999999999993  -2.6999999999999997  false
-0.5999999999999993  -2.5999999999999996  false
-0.5999999999999993  -2.4999999999999996  false
-0.5999999999999993  -2.3999999999999995  false
-0.5999999999999993  -2.2999999999999994  false
-0.5999999999999993  -2.1999999999999993  false
-0.5999999999999993  -2.099999999999999  false
-0.5999999999999993  -1.9999999999999991  false
-0.5999999999999993  -1.899999999999999  false
-0.5999999999999993  -1.799999999999999  false
-0.5999999999999993  -1.6999999999999988  false
-0.5999999999999993  -1.5999999999999988  false
-0.5999999999999993  -1.4999999999999987  false
-0.5999999999999993  -1.3999999999999986  false
-0.5999999999999993  -1.2999999999999985  false
-0.5999999999999993  -1.1999999999999984  false
-0.5999999999999993  -1.0999999999999983  false
-0.49999999999999933  -3.0  false
-0.49999999999999933  -2.9  false
-0.49999999999999933  -2.8  false
-0.49999999999999933  -2.6999999999999997  false
-0.49999999999999933  -2.5999999999999996  false
-0.49999999999999933  -2.4999999999999996  false
-0.49999999999999933  -2.3999999999999995  false
-0.49999999999999933  -2.2999999999999994  false
-0.49999999999999933  -2.1999999999999993  false
-0.49999999999999933  -2.099999999999999  false
-0.49999999999999933  -1.9999999999999991  false
-0.49999999999999933  -1.899999999999999  false
-0.49999999999999933  -1.799999999999999  false
-0.49999999999999933  -1.6999999999999988  false
-0.49999999999999933  -1.5999999999999988  false
-0.49999999999999933  -1.4999999999999987  false
-0.49999999999999933  -1.3999999999999986  false
-0.49999999999999933  -1.2999999999999985  false
-0.49999999999999933  -1.1999999999999984  false
-0.49999999999999933  -1.0999999999999983  false
-0.39999999999999936  -3.0  false
-0.39999999999999936  -2.9  false
-0.39999999999999936  -2.8  false
-0.39999999999999936  -2.6999999999999997  false
-0.39999999999999936  -2.5999999999999996  false
-0.39999999999999936  -2.4999999999999996  false
-0.39999999999999936  -2.3999999999999995  false
-0.39999999999999936  -2.2999999999999994  false
-0.39999999999999936  -2.1999999999999993  false
-0.39999999999999936  -2.099999999999999  false
-0.39999999999999936  -1.9999999999999991  false
-0.39999999999999936  -1.899999999999999  false
-0.39999999999999936  -1.799999999999999  false
-0.39999999999999936  -1.6999999999999988  false
-0.39999999999999936  -1.5999999999999988  false
-0.39999999999999936  -1.4999999999999987  false
-0.39999999999999936  -1.3999999999999986  false
-0.39999999999999936  -1.2999999999999985  false
-0.39999999999999936  -1.1999999999999984  false
-0.39999999999999936  -1.0999999999999983  false
-0.2999999999999994  -3.0  false
-0.2999999999999994  -2.9  false
-0.2999999999999994  -2.8  false
-0.2999999999999994  -2.6999999999999997  false
-0.2999999999999994  -2.5999999999999996  false
-0.2999999999999994  -2.4999999999999996  false
-0.2999999999999994  -2.3999999999999995  false
-0.2999999999999994  -2.2999999999999994  false
-0.2999999999999994  -2.1999999999999993  false
-0.2999999999999994  -2.099999999999999  false
-0.2999999999999994  -1.9999999999999991  false
-0.2999999999999994  -1.899999999999999  false
-0.2999999999999994  -1.799999999999999  false
-0.2999999999999994  -1.6999999999999988  false
-0.2999999999999994  -1.5999999999999988  false
-0.2999999999999994  -1.4999999999999987  false
-0.2999999999999994  -1.3999999999999986  false
-0.2999999999999994  -1.2999999999999985  false
-0.2999999999999994  -1.1999999999999984  false
-0.2999999999999994  -1.0999999999999983  false
-0.19999999999999937  -3.0  false
-0.19999999999999937  -2.9  false
-0.19999999999999937  -2.8  false
-0.19999999999999937  -2.6999999999999997  false
-0.19999999999999937  -2.5999999999999996  false
-0.19999999999999937  -2.4999999999999996  false
-0.19999999999999937  -2.3999999999999995  false
-0.19999999999999937  -2.2999999999999994  false
-0.19999999999999937  -2.1999999999999993  false
-0.19999999999999937  -2.099999999999999  false
-0.19999999999999937  -1.9999999999999991  false
-0.19999999999999937  -1.899999999999999  false
-0.19999999999999937  -1.799999999999999  false
-0.19999999999999937  -1.6999999999999988  false
-0.19999999999999937  -1.5999999999999988  false
-0.19999999999999937  -1.4999999999999987  false
-0.19999999999999937  -1.3999999999999986  false
-0.19999999999999937  -1.2999999999999985  false
-0.19999999999999937  -1.1999999999999984  false
-0.19999999999999937  -1.0999999999999983  false
-0.09999999999999937  -3.0  false
-0.09999999999999937  -2.9  false
-0.09999999999999937  -2.8  false
-0.09999999999999937  -2.6999999999999997  false
-0.09999999999999937  -2.5999999999999996  false
-0.09999999999999937  -2.4999999999999996  false
-0.09999999999999937  -2.3999999999999995  false
-0.09999999999999937  -2.2999999999999994  false
-0.09999999999999937  -2.1999999999999993  false
-0.09999999999999937  -2.099999999999999  false
-0.09999999999999937  -1.9999999999999991  false
-0.09999999999999937  -1.899999999999999  false
-0.09999999999999937  -1.799999999999999  false
-0.09999999999999937  -1.6999999999999988  false
-0.09999999999999937  -1.5999999999999988  false
-0.09999999999999937  -1.4999999999999987  false
-0.09999999999999937  -1.3999999999999986  false
-0.09999999999999937  -1.2999999999999985  false
-0.09999999999999937  -1.1999999999999984  false
-0.09999999999999937  -1.0999999999999983  false
]]></system-out>
  <system-err><![CDATA[]]></system-err>
</testsuite>
